2023-04-03 02:49:19.302222 - Initialized conversion of CBT805
2023-04-03 02:49:19.589505 - Received CBT.V504.FILE805.PDS from FILE805.XMI 
2023-04-03 02:49:19.592280 - Found $$$#DATE.txt (text/plain) in CBT.V504.FILE805.PDS, moved to PDS/$$$#DATE
2023-04-03 02:49:19.593369 - Found $$$INTRO.txt (text/plain) in CBT.V504.FILE805.PDS, moved to PDS/$$$INTRO
2023-04-03 02:49:19.594402 - Found $$DISCL.txt (text/plain) in CBT.V504.FILE805.PDS, moved to PDS/$$DISCL
2023-04-03 02:49:19.595379 - Found $PDSLOAD.jcl (text/plain) in CBT.V504.FILE805.PDS, moved to PDS/$PDSLOAD
2023-04-03 02:49:19.596405 - Found #README.txt (text/plain) in CBT.V504.FILE805.PDS, moved to PDS/#README
2023-04-03 02:49:19.597396 - Found @FILE805.txt (text/plain) in CBT.V504.FILE805.PDS, moved to PDS/@FILE805
2023-04-03 02:49:19.598349 - Found ASM.jcl (text/plain) in CBT.V504.FILE805.PDS, moved to PDS/ASM
2023-04-03 02:49:19.599376 - Found ASM1.jcl (text/plain) in CBT.V504.FILE805.PDS, moved to PDS/ASM1
2023-04-03 02:49:19.600330 - Found AUTHOR.txt (text/plain) in CBT.V504.FILE805.PDS, moved to PDS/AUTHOR
2023-04-03 02:49:19.601775 - Found LINK1.jcl (text/plain) in CBT.V504.FILE805.PDS, moved to PDS/LINK1
2023-04-03 02:49:19.603034 - Found MACROS.txt (text/plain) in CBT.V504.FILE805.PDS, moved to PDS/MACROS
2023-04-03 02:49:19.604010 - Found NIMAGENT.txt (text/plain) in CBT.V504.FILE805.PDS, moved to PDS/NIMAGENT
2023-04-03 02:49:19.605078 - Found NIMAGNT.txt (text/plain) in CBT.V504.FILE805.PDS, moved to PDS/NIMAGNT
2023-04-03 02:49:19.606028 - Found NIMBCONS.txt (text/plain) in CBT.V504.FILE805.PDS, moved to PDS/NIMBCONS
2023-04-03 02:49:19.607043 - Found NIMBEMCS.jcl (text/plain) in CBT.V504.FILE805.PDS, moved to PDS/NIMBEMCS
2023-04-03 02:49:19.608396 - Found NIMDASD.txt (text/plain) in CBT.V504.FILE805.PDS, moved to PDS/NIMDASD
2023-04-03 02:49:19.609488 - Found NIMESTA.txt (text/plain) in CBT.V504.FILE805.PDS, moved to PDS/NIMESTA
2023-04-03 02:49:19.610535 - Found NIMEXST.txt (text/plain) in CBT.V504.FILE805.PDS, moved to PDS/NIMEXST
2023-04-03 02:49:19.611623 - Found NIMHSM.txt (text/plain) in CBT.V504.FILE805.PDS, moved to PDS/NIMHSM
2023-04-03 02:49:19.612610 - Found NIMJES2.txt (text/plain) in CBT.V504.FILE805.PDS, moved to PDS/NIMJES2
2023-04-03 02:49:19.613638 - Found NIMMIB.txt (text/plain) in CBT.V504.FILE805.PDS, moved to PDS/NIMMIB
2023-04-03 02:49:19.614624 - Found NIMSYS.txt (text/plain) in CBT.V504.FILE805.PDS, moved to PDS/NIMSYS
2023-04-03 02:49:19.615731 - Found NMIBDESC.txt (text/plain) in CBT.V504.FILE805.PDS, moved to PDS/NMIBDESC
2023-04-03 02:49:19.616773 - Found NMIBSDAT.txt (text/plain) in CBT.V504.FILE805.PDS, moved to PDS/NMIBSDAT
2023-04-03 02:49:19.617655 - Found PCCSSNAP.jcl (text/plain) in CBT.V504.FILE805.PDS, moved to PDS/PCCSSNAP
2023-04-03 02:49:19.623293 - Found PDSLOAD.xmi (application/xmit) in CBT.V504.FILE805.PDS
2023-04-03 02:49:19.630716   - Received RECFM=U data, stored XMIT file as CBT805/PDSLOAD.xmi
2023-04-03 02:49:19.631742 - Found QUERYJES.rexx (text/plain) in CBT.V504.FILE805.PDS, moved to PDS/QUERYJES
2023-04-03 02:49:19.632800 - Found SYSREXX.jcl (text/plain) in CBT.V504.FILE805.PDS, moved to PDS/SYSREXX
2023-04-03 02:49:19.633680 - Found SYSREXXJ.jcl (text/plain) in CBT.V504.FILE805.PDS, moved to PDS/SYSREXXJ
